<?xml version="1.0" encoding="UTF-8"?>
<!-- Generated by org.testng.reporters.JUnitXMLReporter -->
<testsuite hostname="anying.local" ignored="0" name="Command line test" tests="1" failures="0" timestamp="05 Apr 2019 04:47:06 GMT" time="0.023" errors="0">
  <testcase name="@BeforeMethod setup" time="0.0" classname="tests.BaseTest">
    <failure type="org.testng.TestNGException" message="
Parameter &amp;apos;deviceName&amp;apos; is required by BeforeMethod on method setup but has not been marked @Optional or defined
">
      <![CDATA[org.testng.TestNGException: 
Parameter 'deviceName' is required by BeforeMethod on method setup but has not been marked @Optional or defined

... Removed 35 stack frames]]>
    </failure>
  </testcase> <!-- @BeforeMethod setup -->
  <testcase name="@AfterMethod teardown" time="0.0" classname="tests.BaseTest">
    <skipped/>
  </testcase> <!-- @AfterMethod teardown -->
  <testcase name="loginAndUpdate" time="0.0" classname="tests.user.TestLogin">
    <skipped/>
  </testcase> <!-- loginAndUpdate -->
</testsuite> <!-- Command line test -->
